SF:lib/ui/home_screen/home_view_model.dart
DA:8,15
DA:16,0
DA:18,0
DA:19,0
DA:22,0
DA:24,0
DA:25,0
DA:26,0
DA:27,0
DA:28,0
DA:30,0
DA:31,0
DA:34,0
DA:35,0
DA:42,0
DA:44,0
DA:45,0
DA:47,0
DA:49,0
DA:58,0
DA:60,0
DA:62,0
DA:63,0
DA:65,0
DA:66,0
DA:68,0
DA:69,0
DA:70,0
DA:71,0
DA:78,0
DA:80,0
DA:82,0
DA:85,0
DA:86,0
DA:87,0
DA:88,0
DA:89,0
LF:37
LH:1
end_of_record
SF:lib/util/extensions.dart
DA:4,0
DA:5,0
DA:7,0
DA:8,0
DA:11,0
DA:12,0
DA:21,0
DA:22,0
DA:23,0
DA:27,0
DA:29,0
LF:11
LH:0
end_of_record
SF:lib/data/model/albums.dart
DA:8,0
DA:10,0
DA:11,0
DA:13,0
DA:19,0
DA:21,0
DA:23,0
DA:24,0
LF:8
LH:0
end_of_record
SF:lib/data/model/result.dart
DA:2,0
DA:12,0
DA:17,0
DA:22,0
LF:4
LH:0
end_of_record
SF:lib/data/repo/repo_factory.dart
DA:8,0
DA:9,0
DA:12,0
DA:13,0
DA:16,0
DA:17,0
DA:20,0
DA:21,0
LF:8
LH:0
end_of_record
SF:lib/ui/album_list/album_list_view_model.dart
DA:8,0
DA:10,0
DA:11,0
DA:14,0
DA:15,0
LF:5
LH:0
end_of_record
SF:lib/data/api/albums_remote_data_source.dart
DA:9,0
DA:11,0
DA:13,0
DA:15,0
DA:16,0
DA:18,0
DA:21,0
LF:7
LH:0
end_of_record
SF:lib/data/api/app_client.dart
DA:9,0
DA:13,0
DA:15,0
DA:20,0
DA:21,0
DA:23,0
LF:6
LH:0
end_of_record
SF:lib/util/request_type.dart
DA:1,12
LF:1
LH:1
end_of_record
SF:lib/util/nothing.dart
DA:2,0
LF:1
LH:0
end_of_record
SF:lib/util/request_type_exception.dart
DA:4,0
LF:1
LH:0
end_of_record
SF:lib/data/api/photos_remote_data_source.dart
DA:12,0
DA:14,0
DA:15,0
DA:18,0
DA:19,0
DA:20,0
DA:22,0
DA:25,0
LF:8
LH:0
end_of_record
SF:lib/data/model/photos.dart
DA:10,0
DA:12,0
DA:13,0
DA:14,0
DA:15,0
DA:16,0
DA:17,0
DA:23,0
DA:25,0
DA:26,0
DA:28,0
DA:29,0
LF:12
LH:0
end_of_record
SF:lib/data/repo/albumsRepo.dart
DA:7,0
DA:9,0
DA:10,0
LF:3
LH:0
end_of_record
SF:lib/data/repo/photos_repo.dart
DA:7,0
DA:9,0
DA:10,0
LF:3
LH:0
end_of_record
SF:lib/ui/splash_screen/splash_screen_view_model.dart
DA:2,1
DA:3,2
LF:2
LH:2
end_of_record
SF:lib/main.dart
DA:5,0
DA:6,0
DA:11,1
DA:13,1
DA:16,2
DA:17,1
LF:6
LH:4
end_of_record
SF:lib/themes/app_theme.dart
DA:7,1
DA:8,1
DA:12,1
DA:14,1
LF:4
LH:4
end_of_record
SF:lib/ui/splash_screen/splash_screen.dart
DA:6,1
DA:7,1
DA:18,1
DA:20,1
DA:21,2
DA:22,2
DA:24,3
DA:25,2
DA:26,3
DA:29,0
DA:30,0
DA:31,0
DA:34,1
DA:36,1
DA:38,1
DA:39,1
DA:41,1
DA:43,1
DA:44,1
LF:19
LH:16
end_of_record
SF:lib/themes/paddings.dart
DA:5,0
DA:6,0
DA:11,0
LF:3
LH:0
end_of_record
SF:lib/transitions/fade_route.dart
DA:6,0
DA:7,0
DA:8,0
DA:14,0
DA:20,0
LF:5
LH:0
end_of_record
SF:lib/ui/album_list/album_list_screen.dart
DA:18,0
DA:19,0
DA:26,0
DA:27,0
DA:28,0
DA:29,0
DA:32,0
DA:34,0
DA:35,0
DA:39,0
DA:40,0
DA:41,0
DA:42,0
DA:43,0
DA:44,0
DA:45,0
DA:46,0
DA:47,0
DA:48,0
DA:50,0
DA:51,0
DA:55,0
DA:56,0
DA:58,0
DA:59,0
DA:61,0
DA:66,0
DA:68,0
DA:70,0
DA:71,0
DA:72,0
DA:74,0
DA:77,0
DA:79,0
DA:80,0
DA:81,0
DA:84,0
DA:88,0
DA:93,0
DA:94,0
DA:95,0
DA:96,0
DA:97,0
DA:102,0
DA:103,0
LF:45
LH:0
end_of_record
SF:lib/ui/photo_list_screen/photos_list_screen.dart
DA:15,0
DA:16,0
DA:18,0
DA:25,0
DA:26,0
DA:27,0
DA:28,0
DA:31,0
DA:33,0
DA:34,0
DA:35,0
DA:39,0
DA:40,0
DA:41,0
DA:42,0
DA:46,0
DA:47,0
DA:48,0
DA:49,0
DA:50,0
DA:51,0
DA:52,0
DA:53,0
DA:54,0
DA:55,0
DA:56,0
DA:58,0
DA:59,0
DA:61,0
DA:66,0
DA:68,0
DA:69,0
DA:70,0
DA:71,0
DA:72,0
DA:74,0
DA:75,0
DA:76,0
DA:78,0
DA:79,0
LF:40
LH:0
end_of_record
SF:lib/widgets/error_widget.dart
DA:4,0
DA:6,0
DA:7,0
LF:3
LH:0
end_of_record
SF:lib/widgets/progress_indicator.dart
DA:4,0
DA:5,0
LF:2
LH:0
end_of_record
SF:lib/ui/home_screen/home_screen.dart
DA:10,0
DA:11,0
DA:17,0
DA:19,0
DA:20,0
DA:23,0
DA:25,0
DA:26,0
DA:29,0
DA:31,0
DA:32,0
DA:33,0
DA:34,0
DA:35,0
DA:36,0
DA:37,0
DA:42,0
DA:43,0
DA:44,0
DA:46,0
DA:49,0
DA:50,0
DA:51,0
DA:52,0
DA:54,0
DA:58,0
DA:59,0
DA:60,0
DA:61,0
DA:62,0
DA:67,0
DA:71,0
DA:72,0
DA:75,0
DA:77,0
DA:78,0
DA:81,0
DA:82,0
DA:83,0
DA:85,0
DA:86,0
DA:87,0
DA:89,0
DA:90,0
LF:44
LH:0
end_of_record
SF:lib/ui/photo_list_screen/photo_list_view_model.dart
DA:7,0
DA:9,0
DA:10,0
LF:3
LH:0
end_of_record
SF:lib/ui/photo_screen/photo_screen.dart
DA:7,0
DA:8,0
DA:10,0
DA:14,0
DA:15,0
DA:18,0
DA:20,0
DA:23,0
DA:24,0
DA:25,0
DA:26,0
DA:27,0
DA:28,0
DA:29,0
DA:31,0
DA:33,0
DA:34,0
DA:37,0
DA:41,0
DA:49,0
DA:50,0
DA:51,0
DA:54,0
DA:55,0
DA:56,0
DA:57,0
DA:58,0
LF:27
LH:0
end_of_record
